Compilación iniciada a las 1/11/2018 01:43:35.
     1>Proyecto "C:\Users\USER\Desktop\PROYECTO_PROGRA2_1\PROYECTO_PROGRA2_1\PROYECTO_PROGRA2_1.vcxproj" en el nodo 2 (Build destinos).
     1>ClCompile:
         C:\Program Files (x86)\Microsoft Visual Studio 12.0\VC\bin\CL.exe /c /AI"C:\Program Files (x86)\Reference Assemblies\Microsoft\Framework\.NETFramework\v4.5\\" /AI"C:\Program Files (x86)\Windows Kits\8.1\References\CommonConfiguration\Neutral" /AI"C:\Program Files (x86)\Reference Assemblies\Microsoft\Framework\.NETFramework\v4.5\Facades\\" /Zi /clr /nologo /W3 /WX- /Od /Oy- /D WIN32 /D _DEBUG /D _UNICODE /D UNICODE /EHa /MDd /GS /fp:precise /Zc:wchar_t /Zc:forScope /Fo"Debug\\" /Fd"Debug\vc120.pdb" /TP /FU"C:\Program Files (x86)\Reference Assemblies\Microsoft\Framework\.NETFramework\v4.5\mscorlib.dll" /FU"C:\Program Files (x86)\Reference Assemblies\Microsoft\Framework\.NETFramework\v4.5\System.Data.dll" /FU"C:\Program Files (x86)\Reference Assemblies\Microsoft\Framework\.NETFramework\v4.5\System.dll" /FU"C:\Program Files (x86)\Reference Assemblies\Microsoft\Framework\.NETFramework\v4.5\System.Drawing.dll" /FU"C:\Program Files (x86)\Reference Assemblies\Microsoft\Framework\.NETFramework\v4.5\System.Windows.Forms.dll" /FU"C:\Program Files (x86)\Reference Assemblies\Microsoft\Framework\.NETFramework\v4.5\System.Xml.dll" /analyze- /errorReport:prompt /clr:nostdlib FormN1.cpp FormPrincipal.cpp
         FormN1.cpp
     1>c:\users\user\desktop\proyecto_progra2_1\proyecto_progra2_1\Juego.h(5): warning C4067: símbolos (token) inesperados después de la directiva del preprocesador; se esperaba una nueva línea
     1>c:\users\user\desktop\proyecto_progra2_1\proyecto_progra2_1\Juego.h(6): warning C4067: símbolos (token) inesperados después de la directiva del preprocesador; se esperaba una nueva línea
         FormPrincipal.cpp
     1>c:\users\user\desktop\proyecto_progra2_1\proyecto_progra2_1\Juego.h(5): warning C4067: símbolos (token) inesperados después de la directiva del preprocesador; se esperaba una nueva línea
     1>c:\users\user\desktop\proyecto_progra2_1\proyecto_progra2_1\Juego.h(6): warning C4067: símbolos (token) inesperados después de la directiva del preprocesador; se esperaba una nueva línea
         Generando código...
       Link:
         C:\Program Files (x86)\Microsoft Visual Studio 12.0\VC\bin\link.exe /ERRORREPORT:PROMPT /OUT:"C:\Users\USER\Desktop\PROYECTO_PROGRA2_1\Debug\PROYECTO_PROGRA2_1.exe" /INCREMENTAL /NOLOGO /ASSEMBLYRESOURCE:Debug\PROYECTO_PROGRA2_1.FormN1.resources /ASSEMBLYRESOURCE:Debug\PROYECTO_PROGRA2_1.FormN2.resources /ASSEMBLYRESOURCE:Debug\PROYECTO_PROGRA2_1.FormN3.resources /ASSEMBLYRESOURCE:Debug\PROYECTO_PROGRA2_1.FormN4.resources /ASSEMBLYRESOURCE:Debug\PROYECTO_PROGRA2_1.FormN5.resources /ASSEMBLYRESOURCE:Debug\PROYECTO_PROGRA2_1.FormPrincipal.resources /MANIFEST /MANIFESTUAC:"level='asInvoker' uiAccess='false'" /manifest:embed /DEBUG /PDB:"C:\Users\USER\Desktop\PROYECTO_PROGRA2_1\Debug\PROYECTO_PROGRA2_1.pdb" /ASSEMBLYDEBUG /SUBSYSTEM:WINDOWS /TLBID:1 /ENTRY:"main" /DYNAMICBASE /FIXED:NO /NXCOMPAT /MACHINE:X86 Debug\Disco.obj
         Debug\DiscoSpinning.obj
         Debug\FormN1.obj
         Debug\FormN2.obj
         Debug\FormN3.obj
         Debug\FormN4.obj
         Debug\FormN5.obj
         Debug\FormPrincipal.obj
         Debug\Juego.obj
         Debug\Jugador.obj
         "Debug\.NETFramework,Version=v4.5.AssemblyAttributes.obj"
         PROYECTO_PROGRA2_1.vcxproj -> C:\Users\USER\Desktop\PROYECTO_PROGRA2_1\Debug\PROYECTO_PROGRA2_1.exe
     1>Compilación del proyecto terminada "C:\Users\USER\Desktop\PROYECTO_PROGRA2_1\PROYECTO_PROGRA2_1\PROYECTO_PROGRA2_1.vcxproj" (Build destinos).

Compilación correcta.

Tiempo transcurrido 00:00:01.49
